<!DOCTYPE html PUBLIC "-//W3C//DTD XHTML 1.1//EN" "http://www.w3.org/TR/xhtml11/DTD/xhtml11.dtd">
<html xmlns="http://www.w3.org/1999/xhtml"><head><title>TestNG Report</title><style type="text/css">table {margin-bottom:10px;border-collapse:collapse;empty-cells:show}th,td {border:1px solid #009;padding:.25em .5em}th {vertical-align:bottom}td {vertical-align:top}table a {font-weight:bold}.stripe td {background-color: #E6EBF9}.num {text-align:right}.passedodd td {background-color: #3F3}.passedeven td {background-color: #0A0}.skippedodd td {background-color: #DDD}.skippedeven td {background-color: #CCC}.failedodd td,.attn {background-color: #F33}.failedeven td,.stripe .attn {background-color: #D00}.stacktrace {white-space:pre;font-family:monospace}.totop {font-size:85%;text-align:center;border-bottom:2px solid #000}</style></head><body><table><tr><th>Test</th><th># Passed</th><th># Skipped</th><th># Failed</th><th>Time (ms)</th><th>Included Groups</th><th>Excluded Groups</th></tr><tr><th colspan="7"> Google Data Driven Using TestNG </th></tr><tr><td><a href="#t0">TC_01_Google_Webpage_Launch_Test</a></td><td class="num">1</td><td class="num">0</td><td class="num">0</td><td class="num">401</td><td></td><td></td></tr><tr class="stripe"><td><a href="#t1">TC_02 Google Apps Visible in DialogBox</a></td><td class="num">1</td><td class="num">0</td><td class="num">0</td><td class="num">1,974</td><td></td><td></td></tr><tr><td><a href="#t2">TC_03 All Google Apps Launch Test</a></td><td class="num">0</td><td class="num">0</td><td class="num attn">1</td><td class="num">424</td><td></td><td></td></tr><tr class="stripe"><td><a href="#t3">TC_04 Verify User is able to Sign_in All Apps</a></td><td class="num">0</td><td class="num attn">1</td><td class="num">0</td><td class="num">12</td><td></td><td></td></tr><tr><td><a href="#t4">TC_05 Verify User is able to Change Google Language</a></td><td class="num">0</td><td class="num attn">1</td><td class="num">0</td><td class="num">6</td><td></td><td></td></tr><tr class="stripe"><td><a href="#t5">TC_06 Verify to open and Colse the Browser</a></td><td class="num">0</td><td class="num attn">1</td><td class="num">0</td><td class="num">6</td><td></td><td></td></tr><tr><td><a href="#t6">TC_07 Verify Google Search Functionality</a></td><td class="num">0</td><td class="num attn">1</td><td class="num">0</td><td class="num">5</td><td></td><td></td></tr><tr class="stripe"><td><a href="#t7">TC_08 Verify Google apps and products on webpage</a></td><td class="num">0</td><td class="num attn">1</td><td class="num">0</td><td class="num">8</td><td></td><td></td></tr><tr><td><a href="#t8">TC_09 Verify User able login to Gmail</a></td><td class="num">0</td><td class="num attn">1</td><td class="num">0</td><td class="num">125</td><td></td><td></td></tr><tr><th>Total</th><th class="num">2</th><th class="num attn">6</th><th class="num attn">1</th><th class="num">2,961</th><th colspan="2"></th></tr></table><table id='summary'><thead><tr><th>Class</th><th>Method</th><th>Start</th><th>Time (ms)</th></tr></thead><tbody><tr><th colspan="4"> Google Data Driven Using TestNG </th></tr></tbody><tbody id="t0"><tr><th colspan="4">TC_01_Google_Webpage_Launch_Test &#8212; passed</th></tr><tr class="passedeven"><td rowspan="1">dd_testcases.TC_01GoogleWebpageLaunchTest</td><td><a href="#m0">googleLaunchVerify</a></td><td rowspan="1">1506238613343</td><td rowspan="1">353</td></tr></tbody><tbody id="t1"><tr><th colspan="4">TC_02 Google Apps Visible in DialogBox &#8212; passed</th></tr><tr class="passedeven"><td rowspan="1">dd_testcases.TC_02GoogleappsVisibleInDialogBox</td><td><a href="#m1">Verifygoogleappsvisible</a></td><td rowspan="1">1506238613735</td><td rowspan="1">1967</td></tr></tbody><tbody id="t2"><tr><th colspan="4">TC_03 All Google Apps Launch Test &#8212; failed</th></tr><tr class="failedeven"><td rowspan="1">dd_testcases.TC_03AllGoogleappsLaunchTest</td><td><a href="#m2">VerifygoogleappsLaunch</a></td><td rowspan="1">1506238615710</td><td rowspan="1">413</td></tr></tbody><tbody id="t3"><tr><th colspan="4">TC_04 Verify User is able to Sign_in All Apps &#8212; skipped (configuration methods)</th></tr><tr class="skippedeven"><td rowspan="1">dd_testcases.TC_04Verify_User_is_able_to_Sign_In_Allapps</td><td><a href="#m3">is_Skip</a></td><td rowspan="1">1506238616140</td><td rowspan="1">1</td></tr><tr><th colspan="4">TC_04 Verify User is able to Sign_in All Apps &#8212; skipped</th></tr><tr class="skippedeven"><td rowspan="1">dd_testcases.TC_04Verify_User_is_able_to_Sign_In_Allapps</td><td><a href="#m4">login</a></td><td rowspan="1">1506238616148</td><td rowspan="1">0</td></tr></tbody><tbody id="t4"><tr><th colspan="4">TC_05 Verify User is able to Change Google Language &#8212; skipped (configuration methods)</th></tr><tr class="skippedeven"><td rowspan="1">dd_testcases.TC_05Verify_User_is_able_to_Change_Google_Language</td><td><a href="#m5">is_Skip</a></td><td rowspan="1">1506238616156</td><td rowspan="1">2</td></tr><tr><th colspan="4">TC_05 Verify User is able to Change Google Language &#8212; skipped</th></tr><tr class="skippedeven"><td rowspan="1">dd_testcases.TC_05Verify_User_is_able_to_Change_Google_Language</td><td><a href="#m6">googleLanguage</a></td><td rowspan="1">1506238616160</td><td rowspan="1">0</td></tr></tbody><tbody id="t5"><tr><th colspan="4">TC_06 Verify to open and Colse the Browser &#8212; skipped (configuration methods)</th></tr><tr class="skippedeven"><td rowspan="1">dd_testcases.TC_06Verify_openandColse_the_Browser</td><td><a href="#m7">is_Skip</a></td><td rowspan="1">1506238616164</td><td rowspan="1">2</td></tr><tr><th colspan="4">TC_06 Verify to open and Colse the Browser &#8212; skipped</th></tr><tr class="skippedeven"><td rowspan="1">dd_testcases.TC_06Verify_openandColse_the_Browser</td><td><a href="#m8">VerifOpenAndCloseBrowser</a></td><td rowspan="1">1506238616169</td><td rowspan="1">0</td></tr></tbody><tbody id="t6"><tr><th colspan="4">TC_07 Verify Google Search Functionality &#8212; skipped (configuration methods)</th></tr><tr class="skippedeven"><td rowspan="1">dd_testcases.TC_07Verify_Google_Search_Functionality</td><td><a href="#m9">is_Skip</a></td><td rowspan="1">1506238616173</td><td rowspan="1">2</td></tr><tr><th colspan="4">TC_07 Verify Google Search Functionality &#8212; skipped</th></tr><tr class="skippedeven"><td rowspan="1">dd_testcases.TC_07Verify_Google_Search_Functionality</td><td><a href="#m10">searchFunctionality</a></td><td rowspan="1">1506238616177</td><td rowspan="1">0</td></tr></tbody><tbody id="t7"><tr><th colspan="4">TC_08 Verify Google apps and products on webpage &#8212; skipped (configuration methods)</th></tr><tr class="skippedeven"><td rowspan="1">dd_testcases.TC_08Verify_Google_apps_and_products_on_webpage</td><td><a href="#m11">is_Skip</a></td><td rowspan="1">1506238616181</td><td rowspan="1">1</td></tr><tr><th colspan="4">TC_08 Verify Google apps and products on webpage &#8212; skipped</th></tr><tr class="skippedeven"><td rowspan="1">dd_testcases.TC_08Verify_Google_apps_and_products_on_webpage</td><td><a href="#m12">verify_Google_apps_products_on_webpage</a></td><td rowspan="1">1506238616187</td><td rowspan="1">0</td></tr></tbody><tbody id="t8"><tr><th colspan="4">TC_09 Verify User able login to Gmail &#8212; skipped (configuration methods)</th></tr><tr class="skippedeven"><td rowspan="2">dd_testcases.TC_09Verify_User_able_login_to_Gmail</td><td><a href="#m13">finish</a></td><td rowspan="1">1506238616320</td><td rowspan="1">0</td></tr><tr class="skippedeven"><td><a href="#m14">is_Skip</a></td><td rowspan="1">1506238616191</td><td rowspan="1">5</td></tr><tr><th colspan="4">TC_09 Verify User able login to Gmail &#8212; skipped</th></tr><tr class="skippedeven"><td rowspan="1">dd_testcases.TC_09Verify_User_able_login_to_Gmail</td><td><a href="#m15">login</a></td><td rowspan="1">1506238616201</td><td rowspan="1">0</td></tr></tbody></table><h2>TC_01_Google_Webpage_Launch_Test</h2><h3 id="m0">dd_testcases.TC_01GoogleWebpageLaunchTest#googleLaunchVerify</h3><table class="result"><tr class="param"><th>Parameter #1</th></tr><tr class="param stripe"><td>Google</td></tr></table><p class="totop"><a href="#summary">back to summary</a></p><h2>TC_02 Google Apps Visible in DialogBox</h2><h3 id="m1">dd_testcases.TC_02GoogleappsVisibleInDialogBox#Verifygoogleappsvisible</h3><table class="result"></table><p class="totop"><a href="#summary">back to summary</a></p><h2>TC_03 All Google Apps Launch Test</h2><h3 id="m2">dd_testcases.TC_03AllGoogleappsLaunchTest#VerifygoogleappsLaunch</h3><table class="result"><tr><th>Exception</th></tr><tr><td><div class="stacktrace">java.lang.AssertionError: element not visible
  (Session info: chrome=60.0.3112.113)
  (Driver info: chromedriver=2.30.477700 (0057494ad8732195794a7b32078424f92a5fce41),platform=Windows NT 6.1.7600 x86) (WARNING: The server did not provide any stacktrace information)
Command duration or timeout: 55 milliseconds
Build info: version: &apos;unknown&apos;, revision: &apos;unknown&apos;, time: &apos;unknown&apos;
System info: host: &apos;CHETAN-PC&apos;, ip: &apos;192.168.63.1&apos;, os.name: &apos;Windows 7&apos;, os.arch: &apos;x86&apos;, os.version: &apos;6.1&apos;, java.version: &apos;1.8.0_131&apos;
Driver info: org.openqa.selenium.chrome.ChromeDriver
Capabilities [{applicationCacheEnabled=false, rotatable=false, mobileEmulationEnabled=false, networkConnectionEnabled=false, chrome={chromedriverVersion=2.30.477700 (0057494ad8732195794a7b32078424f92a5fce41), userDataDir=C:\Users\CHETAN\AppData\Local\Temp\scoped_dir7816_5087}, takesHeapSnapshot=true, pageLoadStrategy=normal, databaseEnabled=false, handlesAlerts=true, hasTouchScreen=false, version=60.0.3112.113, platform=XP, browserConnectionEnabled=false, nativeEvents=true, acceptSslCerts=true, locationContextEnabled=true, webStorageEnabled=true, browserName=chrome, takesScreenshot=true, javascriptEnabled=true, cssSelectorsEnabled=true, unexpectedAlertBehaviour=}]
Session ID: 9f0e17c169ffdbfc50437970dda54183
	at dd_testcases.TC_03AllGoogleappsLaunchTest.VerifygoogleappsLaunch(TC_03AllGoogleappsLaunchTest.java:116)
... Removed 26 stack frames</div></td></tr></table><p class="totop"><a href="#summary">back to summary</a></p><h2>TC_04 Verify User is able to Sign_in All Apps</h2><h3 id="m3">dd_testcases.TC_04Verify_User_is_able_to_Sign_In_Allapps#is_Skip</h3><table class="result"><tr><th>Exception</th></tr><tr><td><div class="stacktrace">org.testng.SkipException: Skipping test because runmode is No
	at dd_testcases.TC_04Verify_User_is_able_to_Sign_In_Allapps.is_Skip(TC_04Verify_User_is_able_to_Sign_In_Allapps.java:22)
... Removed 23 stack frames</div></td></tr></table><p class="totop"><a href="#summary">back to summary</a></p><h3 id="m4">dd_testcases.TC_04Verify_User_is_able_to_Sign_In_Allapps#login</h3><table class="result"><tr><th>Exception</th></tr><tr><td><div class="stacktrace">org.testng.SkipException: Skipping test because runmode is No
	at dd_testcases.TC_04Verify_User_is_able_to_Sign_In_Allapps.is_Skip(TC_04Verify_User_is_able_to_Sign_In_Allapps.java:22)
... Removed 23 stack frames</div></td></tr></table><p class="totop"><a href="#summary">back to summary</a></p><h2>TC_05 Verify User is able to Change Google Language</h2><h3 id="m5">dd_testcases.TC_05Verify_User_is_able_to_Change_Google_Language#is_Skip</h3><table class="result"><tr><th>Exception</th></tr><tr><td><div class="stacktrace">org.testng.SkipException: Skipping test because runmode is No
	at dd_testcases.TC_05Verify_User_is_able_to_Change_Google_Language.is_Skip(TC_05Verify_User_is_able_to_Change_Google_Language.java:21)
... Removed 23 stack frames</div></td></tr></table><p class="totop"><a href="#summary">back to summary</a></p><h3 id="m6">dd_testcases.TC_05Verify_User_is_able_to_Change_Google_Language#googleLanguage</h3><table class="result"><tr><th>Exception</th></tr><tr><td><div class="stacktrace">org.testng.SkipException: Skipping test because runmode is No
	at dd_testcases.TC_05Verify_User_is_able_to_Change_Google_Language.is_Skip(TC_05Verify_User_is_able_to_Change_Google_Language.java:21)
... Removed 23 stack frames</div></td></tr></table><p class="totop"><a href="#summary">back to summary</a></p><h2>TC_06 Verify to open and Colse the Browser</h2><h3 id="m7">dd_testcases.TC_06Verify_openandColse_the_Browser#is_Skip</h3><table class="result"><tr><th>Exception</th></tr><tr><td><div class="stacktrace">org.testng.SkipException: Skipping test because runmode is No
	at dd_testcases.TC_06Verify_openandColse_the_Browser.is_Skip(TC_06Verify_openandColse_the_Browser.java:17)
... Removed 23 stack frames</div></td></tr></table><p class="totop"><a href="#summary">back to summary</a></p><h3 id="m8">dd_testcases.TC_06Verify_openandColse_the_Browser#VerifOpenAndCloseBrowser</h3><table class="result"><tr><th>Exception</th></tr><tr><td><div class="stacktrace">org.testng.SkipException: Skipping test because runmode is No
	at dd_testcases.TC_06Verify_openandColse_the_Browser.is_Skip(TC_06Verify_openandColse_the_Browser.java:17)
... Removed 23 stack frames</div></td></tr></table><p class="totop"><a href="#summary">back to summary</a></p><h2>TC_07 Verify Google Search Functionality</h2><h3 id="m9">dd_testcases.TC_07Verify_Google_Search_Functionality#is_Skip</h3><table class="result"><tr><th>Exception</th></tr><tr><td><div class="stacktrace">org.testng.SkipException: Skipping test because runmode is No
	at dd_testcases.TC_07Verify_Google_Search_Functionality.is_Skip(TC_07Verify_Google_Search_Functionality.java:27)
... Removed 23 stack frames</div></td></tr></table><p class="totop"><a href="#summary">back to summary</a></p><h3 id="m10">dd_testcases.TC_07Verify_Google_Search_Functionality#searchFunctionality</h3><table class="result"><tr><th>Exception</th></tr><tr><td><div class="stacktrace">org.testng.SkipException: Skipping test because runmode is No
	at dd_testcases.TC_07Verify_Google_Search_Functionality.is_Skip(TC_07Verify_Google_Search_Functionality.java:27)
... Removed 23 stack frames</div></td></tr></table><p class="totop"><a href="#summary">back to summary</a></p><h2>TC_08 Verify Google apps and products on webpage</h2><h3 id="m11">dd_testcases.TC_08Verify_Google_apps_and_products_on_webpage#is_Skip</h3><table class="result"><tr><th>Exception</th></tr><tr><td><div class="stacktrace">org.testng.SkipException: Skipping test because runmode is No
	at dd_testcases.TC_08Verify_Google_apps_and_products_on_webpage.is_Skip(TC_08Verify_Google_apps_and_products_on_webpage.java:19)
... Removed 23 stack frames</div></td></tr></table><p class="totop"><a href="#summary">back to summary</a></p><h3 id="m12">dd_testcases.TC_08Verify_Google_apps_and_products_on_webpage#verify_Google_apps_products_on_webpage</h3><table class="result"><tr><th>Exception</th></tr><tr><td><div class="stacktrace">org.testng.SkipException: Skipping test because runmode is No
	at dd_testcases.TC_08Verify_Google_apps_and_products_on_webpage.is_Skip(TC_08Verify_Google_apps_and_products_on_webpage.java:19)
... Removed 23 stack frames</div></td></tr></table><p class="totop"><a href="#summary">back to summary</a></p><h2>TC_09 Verify User able login to Gmail</h2><h3 id="m13">dd_testcases.TC_09Verify_User_able_login_to_Gmail#finish</h3><table class="result"></table><p class="totop"><a href="#summary">back to summary</a></p><h3 id="m14">dd_testcases.TC_09Verify_User_able_login_to_Gmail#is_Skip</h3><table class="result"><tr><th>Exception</th></tr><tr><td><div class="stacktrace">org.testng.SkipException: Skipping test because runmode is No
	at dd_testcases.TC_09Verify_User_able_login_to_Gmail.is_Skip(TC_09Verify_User_able_login_to_Gmail.java:19)
... Removed 23 stack frames</div></td></tr></table><p class="totop"><a href="#summary">back to summary</a></p><h3 id="m15">dd_testcases.TC_09Verify_User_able_login_to_Gmail#login</h3><table class="result"><tr><th>Exception</th></tr><tr><td><div class="stacktrace">org.testng.SkipException: Skipping test because runmode is No
	at dd_testcases.TC_09Verify_User_able_login_to_Gmail.is_Skip(TC_09Verify_User_able_login_to_Gmail.java:19)
... Removed 23 stack frames</div></td></tr></table><p class="totop"><a href="#summary">back to summary</a></p></body></html>